<?xml version="1.0" encoding="UTF-8"?>
<!-- Generated by org.testng.reporters.JUnitReportReporter -->
<testsuite skipped="0" hostname="GaneshPC" name="jsonCompareExample" tests="1" failures="0" timestamp="15 Apr 2020 09:52:05 GMT" time="0.093" errors="0">
  <testcase name="myTest" time="0.093" classname="jsonCompareExample"/>
</testsuite> <!-- jsonCompareExample -->
