<?xml version="1.0" encoding="UTF-8"?>
<!-- Generated by org.testng.reporters.JUnitReportReporter -->
<testsuite skipped="0" hostname="GaneshPC" name="JsonAssert" tests="1" failures="0" timestamp="06 Apr 2020 08:10:07 GMT" time="0.021" errors="0">
  <testcase name="hello" time="0.021" classname="JsonAssert"/>
</testsuite> <!-- JsonAssert -->
